<?xml version="1.0" encoding="UTF-8"?>
<testng-results skipped="0" failed="0" ignored="0" total="1" passed="1">
  <reporter-output>
  </reporter-output>
  <suite name="Default suite" duration-ms="17402" started-at="2017-08-21T13:31:50Z" finished-at="2017-08-21T13:32:07Z">
    <groups>
    </groups>
    <test name="Default test" duration-ms="17402" started-at="2017-08-21T13:31:50Z" finished-at="2017-08-21T13:32:07Z">
      <class name="com.qait.coach.Main_menu">
        <test-method status="PASS" signature="start_chrome()[pri:0, instance:com.qait.coach.Main_menu@77caeb3e]" name="start_chrome" is-config="true" duration-ms="10376" started-at="2017-08-21T19:01:50Z" finished-at="2017-08-21T19:02:00Z">
          <reporter-output>
          </reporter-output>
        </test-method> <!-- start_chrome -->
        <test-method status="PASS" signature="launch_url()[pri:0, instance:com.qait.coach.Main_menu@77caeb3e]" name="launch_url" is-config="true" duration-ms="6655" started-at="2017-08-21T19:02:00Z" finished-at="2017-08-21T19:02:07Z">
          <reporter-output>
          </reporter-output>
        </test-method> <!-- launch_url -->
        <test-method status="PASS" signature="dropdown_menu_new()[pri:0, instance:com.qait.coach.Main_menu@77caeb3e]" name="dropdown_menu_new" duration-ms="144" started-at="2017-08-21T19:02:07Z" finished-at="2017-08-21T19:02:07Z">
          <reporter-output>
          </reporter-output>
        </test-method> <!-- dropdown_menu_new -->
        <test-method status="PASS" signature="close()[pri:0, instance:com.qait.coach.Main_menu@77caeb3e]" name="close" is-config="true" duration-ms="205" started-at="2017-08-21T19:02:07Z" finished-at="2017-08-21T19:02:07Z">
          <reporter-output>
          </reporter-output>
        </test-method> <!-- close -->
      </class> <!-- com.qait.coach.Main_menu -->
    </test> <!-- Default test -->
  </suite> <!-- Default suite -->
</testng-results>
