<?xml version="1.0" encoding="UTF-8"?>
<!-- Generated by org.testng.reporters.JUnitXMLReporter -->
<testsuite hostname="ASDP1744PO02529" ignored="0" name="Parameter" tests="7" failures="0" timestamp="21 Aug 2017 14:20:17 GMT" time="49.733" errors="0">
  <testcase name="dropdown_menu_new" time="0.152" classname="com.qait.coach.Main_menu"/>
  <testcase name="verify_dropdown_COACH_1941" time="0.078" classname="com.qait.coach.Main_menu"/>
  <testcase name="verify_dropdown_Personalize" time="0.086" classname="com.qait.coach.Main_menu"/>
  <testcase name="verify_dropdown_men" time="0.089" classname="com.qait.coach.Main_menu"/>
  <testcase name="verify_dropdown_sale" time="0.094" classname="com.qait.coach.Main_menu"/>
  <testcase name="verify_dropdown_women" time="0.092" classname="com.qait.coach.Main_menu"/>
  <testcase name="verify_search_button" time="0.078" classname="com.qait.coach.Main_menu"/>
</testsuite> <!-- Parameter -->
