<?xml version="1.0" encoding="UTF-8"?>
<!-- Generated by org.testng.reporters.JUnitXMLReporter -->
<testsuite hostname="ASDP1744PO02529" ignored="0" name="Parameter" tests="7" failures="0" timestamp="23 Aug 2017 09:31:06 GMT" time="44.917" errors="0">
  <testcase name="dropdown_menu_new" time="0.115" classname="com.qait.coach.Main_menu"/>
  <testcase name="verify_dropdown_COACH_1941" time="0.06" classname="com.qait.coach.Main_menu"/>
  <testcase name="verify_dropdown_Personalize" time="0.111" classname="com.qait.coach.Main_menu"/>
  <testcase name="verify_dropdown_men" time="0.084" classname="com.qait.coach.Main_menu"/>
  <testcase name="verify_dropdown_sale" time="0.137" classname="com.qait.coach.Main_menu"/>
  <testcase name="verify_dropdown_women" time="0.082" classname="com.qait.coach.Main_menu"/>
  <testcase name="verify_search_button" time="0.112" classname="com.qait.coach.Main_menu"/>
</testsuite> <!-- Parameter -->
