<?xml version="1.0" encoding="UTF-8"?>
<testng-results skipped="0" failed="0" ignored="0" total="2" passed="2">
  <reporter-output>
    <line>
      <![CDATA[Chrome is startted...]]>
    </line>
    <line>
      <![CDATA[Coach web application Url is launched]]>
    </line>
    <line>
      <![CDATA[Page is Refreshed to get the actual content]]>
    </line>
    <line>
      <![CDATA[Coach logo is verified]]>
    </line>
    <line>
      <![CDATA[Coach web application Url is launched]]>
    </line>
    <line>
      <![CDATA[Page is Refreshed to get the actual content]]>
    </line>
    <line>
      <![CDATA[Account icon is verified]]>
    </line>
    <line>
      <![CDATA[Browser is closed.]]>
    </line>
  </reporter-output>
  <suite name="Coach" duration-ms="16530" started-at="2017-08-24T05:04:38Z" finished-at="2017-08-24T05:04:54Z">
    <groups>
    </groups>
    <test name="VerifyHomePage" duration-ms="16530" started-at="2017-08-24T05:04:38Z" finished-at="2017-08-24T05:04:54Z">
      <class name="Verify_Homepage.VerifyHomePage_Test">
        <test-method status="PASS" signature="start_browser()[pri:0, instance:Verify_Homepage.VerifyHomePage_Test@3c09711b]" name="start_browser" is-config="true" duration-ms="3971" started-at="2017-08-24T10:34:38Z" finished-at="2017-08-24T10:34:42Z">
          <reporter-output>
            <line>
              <![CDATA[Chrome is startted...]]>
            </line>
          </reporter-output>
        </test-method> <!-- start_browser -->
        <test-method status="PASS" signature="launch_url()[pri:0, instance:Verify_Homepage.VerifyHomePage_Test@3c09711b]" name="launch_url" is-config="true" duration-ms="8194" started-at="2017-08-24T10:34:42Z" finished-at="2017-08-24T10:34:50Z">
          <reporter-output>
            <line>
              <![CDATA[Coach web application Url is launched]]>
            </line>
            <line>
              <![CDATA[Page is Refreshed to get the actual content]]>
            </line>
          </reporter-output>
        </test-method> <!-- launch_url -->
        <test-method status="PASS" signature="coach_001_verify_logo()[pri:0, instance:Verify_Homepage.VerifyHomePage_Test@3c09711b]" name="coach_001_verify_logo" duration-ms="49" started-at="2017-08-24T10:34:50Z" finished-at="2017-08-24T10:34:50Z">
          <reporter-output>
            <line>
              <![CDATA[Coach logo is verified]]>
            </line>
          </reporter-output>
        </test-method> <!-- coach_001_verify_logo -->
        <test-method status="PASS" signature="launch_url()[pri:0, instance:Verify_Homepage.VerifyHomePage_Test@3c09711b]" name="launch_url" is-config="true" duration-ms="4200" started-at="2017-08-24T10:34:50Z" finished-at="2017-08-24T10:34:54Z">
          <reporter-output>
            <line>
              <![CDATA[Coach web application Url is launched]]>
            </line>
            <line>
              <![CDATA[Page is Refreshed to get the actual content]]>
            </line>
          </reporter-output>
        </test-method> <!-- launch_url -->
        <test-method status="PASS" signature="coach_002_verify_Account()[pri:0, instance:Verify_Homepage.VerifyHomePage_Test@3c09711b]" name="coach_002_verify_Account" duration-ms="43" started-at="2017-08-24T10:34:54Z" finished-at="2017-08-24T10:34:54Z">
          <reporter-output>
            <line>
              <![CDATA[Account icon is verified]]>
            </line>
          </reporter-output>
        </test-method> <!-- coach_002_verify_Account -->
        <test-method status="PASS" signature="close_browser()[pri:0, instance:Verify_Homepage.VerifyHomePage_Test@3c09711b]" name="close_browser" is-config="true" duration-ms="57" started-at="2017-08-24T10:34:54Z" finished-at="2017-08-24T10:34:54Z">
          <reporter-output>
            <line>
              <![CDATA[Browser is closed.]]>
            </line>
          </reporter-output>
        </test-method> <!-- close_browser -->
      </class> <!-- Verify_Homepage.VerifyHomePage_Test -->
    </test> <!-- VerifyHomePage -->
  </suite> <!-- Coach -->
</testng-results>
