<?xml version="1.0" encoding="UTF-8" ?>
<testsuite tests="7" failures="0" name="TestSuite" time="50.129" errors="0" skipped="0">
  <properties>
[...]
</properties>
  <testcase classname="com.qait.coach.Main_menu" name="dropdown_menu_new" time="0.153"/>
  <testcase classname="com.qait.coach.Main_menu" name="verify_dropdown_COACH_1941" time="0.078"/>
  <testcase classname="com.qait.coach.Main_menu" name="verify_dropdown_Personalize" time="0.086"/>
  <testcase classname="com.qait.coach.Main_menu" name="verify_dropdown_men" time="0.089"/>
  <testcase classname="com.qait.coach.Main_menu" name="verify_dropdown_sale" time="0.095"/>
  <testcase classname="com.qait.coach.Main_menu" name="verify_dropdown_women" time="0.092"/>
  <testcase classname="com.qait.coach.Main_menu" name="verify_search_button" time="0.078"/>
</testsuite>